<?xml version="1.0" encoding="UTF-8"?>
<!-- Generated by org.testng.reporters.JUnitXMLReporter -->
<testsuite hostname="WIN-L2TNJ7VR6RN" name="selenium" tests="4" failures="0" timestamp="28 Dec 2018 01:37:10 GMT" time="0.0" errors="0">
  <testcase name="runselenium" time="0.0" classname="testng.testgroup"/>
  <testcase name="runselenium1" time="0.0" classname="testng.testgroup"/>
  <testcase name="runselenium" time="0.0" classname="testng.testselenium"/>
  <testcase name="runselenium1" time="0.0" classname="testng.testselenium"/>
</testsuite> <!-- selenium -->
